<?xml version="1.0" encoding="UTF-8"?>
<testng-results ignored="0" total="1" passed="1" failed="0" skipped="0">
  <reporter-output>
  </reporter-output>
  <suite started-at="2017-12-31T16:04:18Z" name="home.GetMenusTest" finished-at="2017-12-31T16:04:55Z" duration-ms="37527">
    <groups>
    </groups>
    <test started-at="2017-12-31T16:04:18Z" name="Command line test" finished-at="2017-12-31T16:04:55Z" duration-ms="37527">
      <class name="home.GetMenusTest">
        <test-method is-config="true" signature="setUp(java.lang.String)[pri:0, instance:home.GetMenusTest@35ef1869]" started-at="2017-12-31T11:04:18Z" name="setUp" finished-at="2017-12-31T11:04:44Z" duration-ms="26496" status="PASS">
          <params>
            <param index="0">
              <value>
                <![CDATA[https://www.amazon.com/]]>
              </value>
            </param>
          </params>
          <reporter-output>
          </reporter-output>
        </test-method> <!-- setUp -->
        <test-method signature="getDropDownTest()[pri:0, instance:home.GetMenusTest@35ef1869]" started-at="2017-12-31T11:04:44Z" name="getDropDownTest" finished-at="2017-12-31T11:04:51Z" duration-ms="7143" status="PASS">
          <reporter-output>
          </reporter-output>
        </test-method> <!-- getDropDownTest -->
        <test-method is-config="true" signature="after()[pri:0, instance:home.GetMenusTest@35ef1869]" started-at="2017-12-31T11:04:51Z" name="after" finished-at="2017-12-31T11:04:55Z" duration-ms="3822" status="PASS">
          <reporter-output>
          </reporter-output>
        </test-method> <!-- after -->
      </class> <!-- home.GetMenusTest -->
    </test> <!-- Command line test -->
  </suite> <!-- home.GetMenusTest -->
</testng-results>
